#
# There is insufficient memory for the Java Runtime Environment to continue.
# Native memory allocation (malloc) failed to allocate 1048576 bytes for AllocateHeap
# Possible reasons:
#   The system is out of physical RAM or swap space
#   The process is running with CompressedOops enabled, and the Java Heap may be blocking the growth of the native heap
# Possible solutions:
#   Reduce memory load on the system
#   Increase physical memory or swap space
#   Check if swap backing store is full
#   Decrease Java heap size (-Xmx/-Xms)
#   Decrease number of Java threads
#   Decrease Java thread stack sizes (-Xss)
#   Set larger code cache with -XX:ReservedCodeCacheSize=
#   JVM is running with Unscaled Compressed Oops mode in which the Java heap is
#     placed in the first 4GB address space. The Java Heap base address is the
#     maximum limit for the native heap growth. Please use -XX:HeapBaseMinAddress
#     to set the Java Heap base and to place the Java Heap above 4GB virtual address.
# This output file may be truncated or incomplete.
#
#  Out of Memory Error (c:/BuildAgent/work/5ff2f6c26000d570/src/hotspot/share/memory/allocation.cpp:46), pid=52664, tid=52320
#
# JRE version: OpenJDK Runtime Environment (11.0.6+8) (build 11.0.6+8-b520.43)
# Java VM: OpenJDK 64-Bit Server VM (11.0.6+8-b520.43, mixed mode, tiered, compressed oops, g1 gc, windows-amd64)
# No core dump will be written. Minidumps are not enabled by default on client versions of Windows
#

---------------  S U M M A R Y ------------

Command Line: org.jetbrains.git4idea.http.GitAskPassApp Username for 'https://github.com': 

Host: Intel(R) Core(TM) i5-6500 CPU @ 3.20GHz, 4 cores, 7G,  Windows 10 , 64 bit Build 18362 (10.0.18362.329)
Time: Tue Apr  7 08:07:47 2020 ¢¥eCN©öI¡¾©ö C¡ÍA¨ª¨öA elapsed time: 0 seconds (0d 0h 0m 0s)

---------------  T H R E A D  ---------------

Current thread (0x0000024ab6696000):  VMThread "VM Thread" [stack: 0x000000bef2a00000,0x000000bef2b00000] [id=52320]

Stack: [0x000000bef2a00000,0x000000bef2b00000]
[error occurred during error reporting (printing stack bounds), id 0xc0000005, EXCEPTION_ACCESS_VIOLATION (0xc0000005) at pc=0x0000024aa0680dad]

Native frames: (J=compiled Java code, j=interpreted, Vv=VM code, C=native code)
V  [jvm.dll+0x5de31a]
V  [jvm.dll+0x710ae5]
V  [jvm.dll+0x712005]
V  [jvm.dll+0x712615]
V  [jvm.dll+0x7125cb]
V  [jvm.dll+0x5dd798]
V  [jvm.dll+0x5ddf08]
C  [ntdll.dll+0xa121f]
C  [ntdll.dll+0x6a289]
C  [ntdll.dll+0x9fe8e]
C  0x0000024aa0680dad

VM_Operation (0x000000bef24f9ae0): CollectForMetadataAllocation, mode: safepoint, requested by thread 0x0000024a9a55a800


---------------  P R O C E S S  ---------------

Threads class SMR info:
_java_thread_list=0x0000024ab7522ff0, length=10, elements={
0x0000024a9a55a800, 0x0000024ab6698000, 0x0000024ab66c3800, 0x0000024ab66df000,
0x0000024ab66e1000, 0x0000024ab66e2800, 0x0000024ab73d4000, 0x0000024ab73d7000,
0x0000024ab7568800, 0x0000024ab7567800
}

Java Threads: ( => current thread )
  0x0000024a9a55a800 JavaThread "main" [_thread_blocked, id=40660, stack(0x000000bef2400000,0x000000bef2500000)]
  0x0000024ab6698000 JavaThread "Reference Handler" daemon [_thread_blocked, id=49784, stack(0x000000bef2b00000,0x000000bef2c00000)]
  0x0000024ab66c3800 JavaThread "Finalizer" daemon [_thread_blocked, id=52092, stack(0x000000bef2c00000,0x000000bef2d00000)]
  0x0000024ab66df000 JavaThread "Signal Dispatcher" daemon [_thread_blocked, id=52848, stack(0x000000bef2d00000,0x000000bef2e00000)]
  0x0000024ab66e1000 JavaThread "Attach Listener" daemon [_thread_blocked, id=46220, stack(0x000000bef2e00000,0x000000bef2f00000)]
  0x0000024ab66e2800 JavaThread "C2 CompilerThread0" daemon [_thread_blocked, id=46652, stack(0x000000bef2f00000,0x000000bef3000000)]
  0x0000024ab73d4000 JavaThread "C1 CompilerThread0" daemon [_thread_blocked, id=48536, stack(0x000000bef3000000,0x000000bef3100000)]
  0x0000024ab73d7000 JavaThread "Sweeper thread" daemon [_thread_blocked, id=49532, stack(0x000000bef3100000,0x000000bef3200000)]
  0x0000024ab7568800 JavaThread "Service Thread" daemon [_thread_blocked, id=51584, stack(0x000000bef3200000,0x000000bef3300000)]
  0x0000024ab7567800 JavaThread "Common-Cleaner" daemon [_thread_blocked, id=52148, stack(0x000000bef3400000,0x000000bef3500000)]

Other Threads:
=>0x0000024ab6696000 VMThread "VM Thread" [stack: 0x000000bef2a00000,0x000000bef2b00000] [id=52320]
  0x0000024ab7555000 WatcherThread [stack: 0x000000bef3300000,0x000000bef3400000] [id=8796]
  0x0000024a9c5c4000 GCTaskThread "GC Thread#0" [stack: 0x000000bef2500000,0x000000bef2600000] [id=52308]
  0x0000024ab7576800 GCTaskThread "GC Thread#1" [stack: 0x000000bef3500000,0x000000bef3600000] [id=48308]
  0x0000024a9c5f6800 ConcurrentGCThread "G1 Main Marker" [stack: 0x000000bef2600000,0x000000bef2700000] [id=2760]
  0x0000024a9c5f7800 ConcurrentGCThread "G1 Conc#0" [stack: 0x000000bef2700000,0x000000bef2800000] [id=27156]
  0x0000024ab6500800 ConcurrentGCThread "G1 Refine#0" [stack: 0x000000bef2800000,0x000000bef2900000] [id=24448]
  0x0000024ab6501800 ConcurrentGCThread "G1 Young RemSet Sampling" [stack: 0x000000bef2900000,0x000000bef2a00000] [id=52684]

Threads with active compile tasks:

VM state:at safepoint (normal execution)

VM Mutex/Monitor currently owned by a thread:  ([mutex/lock_event])
[0x0000024a9c5aee20] Threads_lock - owner thread: 0x0000024ab6696000
[0x0000024a9c5af450] Heap_lock - owner thread: 0x0000024a9a55a800

Heap address: 0x0000000081800000, size: 2024 MB, Compressed Oops mode: 32-bit
Narrow klass base: 0x0000000000000000, Narrow klass shift: 3
Compressed class space size: 1073741824 Address: 0x0000000100000000

Heap:
 garbage-first heap   total 131072K, used 737K [0x0000000081800000, 0x0000000100000000)
  region size 1024K, 1 young (1024K), 1 survivors (1024K)
 Metaspace       used 3860K, capacity 3912K, committed 3968K, reserved 1081344K
  class space    used 336K, capacity 384K, committed 384K, reserved 1048576K
Heap Regions: E=young(eden), S=young(survivor), O=old, HS=humongous(starts), HC=humongous(continues), CS=collection set, F=free, A=archive, TAMS=top-at-mark-start (previous, next)
|   0|0x0000000081800000, 0x0000000081800000, 0x0000000081900000|  0%| F|  |TAMS 0x0000000081800000, 0x0000000081800000| Untracked 
|   1|0x0000000081900000, 0x0000000081900000, 0x0000000081a00000|  0%| F|  |TAMS 0x0000000081900000, 0x0000000081900000| Untracked 
|   2|0x0000000081a00000, 0x0000000081a00000, 0x0000000081b00000|  0%| F|  |TAMS 0x0000000081a00000, 0x0000000081a00000| Untracked 
|   3|0x0000000081b00000, 0x0000000081b00000, 0x0000000081c00000|  0%| F|  |TAMS 0x0000000081b00000, 0x0000000081b00000| Untracked 
|   4|0x0000000081c00000, 0x0000000081c00000, 0x0000000081d00000|  0%| F|  |TAMS 0x0000000081c00000, 0x0000000081c00000| Untracked 
|   5|0x0000000081d00000, 0x0000000081d00000, 0x0000000081e00000|  0%| F|  |TAMS 0x0000000081d00000, 0x0000000081d00000| Untracked 
|   6|0x0000000081e00000, 0x0000000081e00000, 0x0000000081f00000|  0%| F|  |TAMS 0x0000000081e00000, 0x0000000081e00000| Untracked 
|   7|0x0000000081f00000, 0x0000000081f00000, 0x0000000082000000|  0%| F|  |TAMS 0x0000000081f00000, 0x0000000081f00000| Untracked 
|   8|0x0000000082000000, 0x0000000082000000, 0x0000000082100000|  0%| F|  |TAMS 0x0000000082000000, 0x0000000082000000| Untracked 
|   9|0x0000000082100000, 0x0000000082100000, 0x0000000082200000|  0%| F|  |TAMS 0x0000000082100000, 0x0000000082100000| Untracked 
|  10|0x0000000082200000, 0x0000000082200000, 0x0000000082300000|  0%| F|  |TAMS 0x0000000082200000, 0x0000000082200000| Untracked 
|  11|0x0000000082300000, 0x0000000082300000, 0x0000000082400000|  0%| F|  |TAMS 0x0000000082300000, 0x0000000082300000| Untracked 
|  12|0x0000000082400000, 0x0000000082400000, 0x0000000082500000|  0%| F|  |TAMS 0x0000000082400000, 0x0000000082400000| Untracked 
|  13|0x0000000082500000, 0x0000000082500000, 0x0000000082600000|  0%| F|  |TAMS 0x0000000082500000, 0x0000000082500000| Untracked 
|  14|0x0000000082600000, 0x0000000082600000, 0x0000000082700000|  0%| F|  |TAMS 0x0000000082600000, 0x0000000082600000| Untracked 
|  15|0x0000000082700000, 0x0000000082700000, 0x0000000082800000|  0%| F|  |TAMS 0x0000000082700000, 0x0000000082700000| Untracked 
|  16|0x0000000082800000, 0x0000000082800000, 0x0000000082900000|  0%| F|  |TAMS 0x0000000082800000, 0x0000000082800000| Untracked 
|  17|0x0000000082900000, 0x0000000082900000, 0x0000000082a00000|  0%| F|  |TAMS 0x0000000082900000, 0x0000000082900000| Untracked 
|  18|0x0000000082a00000, 0x0000000082a00000, 0x0000000082b00000|  0%| F|  |TAMS 0x0000000082a00000, 0x0000000082a00000| Untracked 
|  19|0x0000000082b00000, 0x0000000082b00000, 0x0000000082c00000|  0%| F|  |TAMS 0x0000000082b00000, 0x0000000082b00000| Untracked 
|  20|0x0000000082c00000, 0x0000000082c00000, 0x0000000082d00000|  0%| F|  |TAMS 0x0000000082c00000, 0x0000000082c00000| Untracked 
|  21|0x0000000082d00000, 0x0000000082d00000, 0x0000000082e00000|  0%| F|  |TAMS 0x0000000082d00000, 0x0000000082d00000| Untracked 
|  22|0x0000000082e00000, 0x0000000082e00000, 0x0000000082f00000|  0%| F|  |TAMS 0x0000000082e00000, 0x0000000082e00000| Untracked 
|  23|0x0000000082f00000, 0x0000000082f00000, 0x0000000083000000|  0%| F|  |TAMS 0x0000000082f00000, 0x0000000082f00000| Untracked 
|  24|0x0000000083000000, 0x0000000083000000, 0x0000000083100000|  0%| F|  |TAMS 0x0000000083000000, 0x0000000083000000| Untracked 
|  25|0x0000000083100000, 0x0000000083100000, 0x0000000083200000|  0%| F|  |TAMS 0x0000000083100000, 0x0000000083100000| Untracked 
|  26|0x0000000083200000, 0x0000000083200000, 0x0000000083300000|  0%| F|  |TAMS 0x0000000083200000, 0x0000000083200000| Untracked 
|  27|0x0000000083300000, 0x0000000083300000, 0x0000000083400000|  0%| F|  |TAMS 0x0000000083300000, 0x0000000083300000| Untracked 
|  28|0x0000000083400000, 0x0000000083400000, 0x0000000083500000|  0%| F|  |TAMS 0x0000000083400000, 0x0000000083400000| Untracked 
|  29|0x0000000083500000, 0x0000000083500000, 0x0000000083600000|  0%| F|  |TAMS 0x0000000083500000, 0x0000000083500000| Untracked 
|  30|0x0000000083600000, 0x0000000083600000, 0x0000000083700000|  0%| F|  |TAMS 0x0000000083600000, 0x0000000083600000| Untracked 
|  31|0x0000000083700000, 0x0000000083700000, 0x0000000083800000|  0%| F|  |TAMS 0x0000000083700000, 0x0000000083700000| Untracked 
|  32|0x0000000083800000, 0x0000000083800000, 0x0000000083900000|  0%| F|  |TAMS 0x0000000083800000, 0x0000000083800000| Untracked 
|  33|0x0000000083900000, 0x0000000083900000, 0x0000000083a00000|  0%| F|  |TAMS 0x0000000083900000, 0x0000000083900000| Untracked 
|  34|0x0000000083a00000, 0x0000000083a00000, 0x0000000083b00000|  0%| F|  |TAMS 0x0000000083a00000, 0x0000000083a00000| Untracked 
|  35|0x0000000083b00000, 0x0000000083b00000, 0x0000000083c00000|  0%| F|  |TAMS 0x0000000083b00000, 0x0000000083b00000| Untracked 
|  36|0x0000000083c00000, 0x0000000083c00000, 0x0000000083d00000|  0%| F|  |TAMS 0x0000000083c00000, 0x0000000083c00000| Untracked 
|  37|0x0000000083d00000, 0x0000000083d00000, 0x0000000083e00000|  0%| F|  |TAMS 0x0000000083d00000, 0x0000000083d00000| Untracked 
|  38|0x0000000083e00000, 0x0000000083e00000, 0x0000000083f00000|  0%| F|  |TAMS 0x0000000083e00000, 0x0000000083e00000| Untracked 
|  39|0x0000000083f00000, 0x0000000083f00000, 0x0000000084000000|  0%| F|  |TAMS 0x0000000083f00000, 0x0000000083f00000| Untracked 
|  40|0x0000000084000000, 0x0000000084000000, 0x0000000084100000|  0%| F|  |TAMS 0x0000000084000000, 0x0000000084000000| Untracked 
|  41|0x0000000084100000, 0x0000000084100000, 0x0000000084200000|  0%| F|  |TAMS 0x0000000084100000, 0x0000000084100000| Untracked 
|  42|0x0000000084200000, 0x0000000084200000, 0x0000000084300000|  0%| F|  |TAMS 0x0000000084200000, 0x0000000084200000| Untracked 
|  43|0x0000000084300000, 0x0000000084300000, 0x0000000084400000|  0%| F|  |TAMS 0x0000000084300000, 0x0000000084300000| Untracked 
|  44|0x0000000084400000, 0x0000000084400000, 0x0000000084500000|  0%| F|  |TAMS 0x0000000084400000, 0x0000000084400000| Untracked 
|  45|0x0000000084500000, 0x0000000084500000, 0x0000000084600000|  0%| F|  |TAMS 0x0000000084500000, 0x0000000084500000| Untracked 
|  46|0x0000000084600000, 0x0000000084600000, 0x0000000084700000|  0%| F|  |TAMS 0x0000000084600000, 0x0000000084600000| Untracked 
|  47|0x0000000084700000, 0x0000000084700000, 0x0000000084800000|  0%| F|  |TAMS 0x0000000084700000, 0x0000000084700000| Untracked 
|  48|0x0000000084800000, 0x0000000084800000, 0x0000000084900000|  0%| F|  |TAMS 0x0000000084800000, 0x0000000084800000| Untracked 
|  49|0x0000000084900000, 0x0000000084900000, 0x0000000084a00000|  0%| F|  |TAMS 0x0000000084900000, 0x0000000084900000| Untracked 
|  50|0x0000000084a00000, 0x0000000084a00000, 0x0000000084b00000|  0%| F|  |TAMS 0x0000000084a00000, 0x0000000084a00000| Untracked 
|  51|0x0000000084b00000, 0x0000000084b00000, 0x0000000084c00000|  0%| F|  |TAMS 0x0000000084b00000, 0x0000000084b00000| Untracked 
|  52|0x0000000084c00000, 0x0000000084c00000, 0x0000000084d00000|  0%| F|  |TAMS 0x0000000084c00000, 0x0000000084c00000| Untracked 
|  53|0x0000000084d00000, 0x0000000084d00000, 0x0000000084e00000|  0%| F|  |TAMS 0x0000000084d00000, 0x0000000084d00000| Untracked 
|  54|0x0000000084e00000, 0x0000000084e00000, 0x0000000084f00000|  0%| F|  |TAMS 0x0000000084e00000, 0x0000000084e00000| Untracked 
|  55|0x0000000084f00000, 0x0000000084f00000, 0x0000000085000000|  0%| F|  |TAMS 0x0000000084f00000, 0x0000000084f00000| Untracked 
|  56|0x0000000085000000, 0x0000000085000000, 0x0000000085100000|  0%| F|  |TAMS 0x0000000085000000, 0x0000000085000000| Untracked 
|  57|0x0000000085100000, 0x0000000085100000, 0x0000000085200000|  0%| F|  |TAMS 0x0000000085100000, 0x0000000085100000| Untracked 
|  58|0x0000000085200000, 0x0000000085200000, 0x0000000085300000|  0%| F|  |TAMS 0x0000000085200000, 0x0000000085200000| Untracked 
|  59|0x0000000085300000, 0x0000000085300000, 0x0000000085400000|  0%| F|  |TAMS 0x0000000085300000, 0x0000000085300000| Untracked 
|  60|0x0000000085400000, 0x0000000085400000, 0x0000000085500000|  0%| F|  |TAMS 0x0000000085400000, 0x0000000085400000| Untracked 
|  61|0x0000000085500000, 0x0000000085500000, 0x0000000085600000|  0%| F|  |TAMS 0x0000000085500000, 0x0000000085500000| Untracked 
|  62|0x0000000085600000, 0x0000000085600000, 0x0000000085700000|  0%| F|  |TAMS 0x0000000085600000, 0x0000000085600000| Untracked 
|  63|0x0000000085700000, 0x0000000085700000, 0x0000000085800000|  0%| F|  |TAMS 0x0000000085700000, 0x0000000085700000| Untracked 
|  64|0x0000000085800000, 0x0000000085800000, 0x0000000085900000|  0%| F|  |TAMS 0x0000000085800000, 0x0000000085800000| Untracked 
|  65|0x0000000085900000, 0x0000000085900000, 0x0000000085a00000|  0%| F|  |TAMS 0x0000000085900000, 0x0000000085900000| Untracked 
|  66|0x0000000085a00000, 0x0000000085a00000, 0x0000000085b00000|  0%| F|  |TAMS 0x0000000085a00000, 0x0000000085a00000| Untracked 
|  67|0x0000000085b00000, 0x0000000085b00000, 0x0000000085c00000|  0%| F|  |TAMS 0x0000000085b00000, 0x0000000085b00000| Untracked 
|  68|0x0000000085c00000, 0x0000000085c00000, 0x0000000085d00000|  0%| F|  |TAMS 0x0000000085c00000, 0x0000000085c00000| Untracked 
|  69|0x0000000085d00000, 0x0000000085d00000, 0x0000000085e00000|  0%| F|  |TAMS 0x0000000085d00000, 0x0000000085d00000| Untracked 
|  70|0x0000000085e00000, 0x0000000085e00000, 0x0000000085f00000|  0%| F|  |TAMS 0x0000000085e00000, 0x0000000085e00000| Untracked 
|  71|0x0000000085f00000, 0x0000000085f00000, 0x0000000086000000|  0%| F|  |TAMS 0x0000000085f00000, 0x0000000085f00000| Untracked 
|  72|0x0000000086000000, 0x0000000086000000, 0x0000000086100000|  0%| F|  |TAMS 0x0000000086000000, 0x0000000086000000| Untracked 
|  73|0x0000000086100000, 0x0000000086100000, 0x0000000086200000|  0%| F|  |TAMS 0x0000000086100000, 0x0000000086100000| Untracked 
|  74|0x0000000086200000, 0x0000000086200000, 0x0000000086300000|  0%| F|  |TAMS 0x0000000086200000, 0x0000000086200000| Untracked 
|  75|0x0000000086300000, 0x0000000086300000, 0x0000000086400000|  0%| F|  |TAMS 0x0000000086300000, 0x0000000086300000| Untracked 
|  76|0x0000000086400000, 0x0000000086400000, 0x0000000086500000|  0%| F|  |TAMS 0x0000000086400000, 0x0000000086400000| Untracked 
|  77|0x0000000086500000, 0x0000000086500000, 0x0000000086600000|  0%| F|  |TAMS 0x0000000086500000, 0x0000000086500000| Untracked 
|  78|0x0000000086600000, 0x0000000086600000, 0x0000000086700000|  0%| F|  |TAMS 0x0000000086600000, 0x0000000086600000| Untracked 
|  79|0x0000000086700000, 0x0000000086700000, 0x0000000086800000|  0%| F|  |TAMS 0x0000000086700000, 0x0000000086700000| Untracked 
|  80|0x0000000086800000, 0x0000000086800000, 0x0000000086900000|  0%| F|  |TAMS 0x0000000086800000, 0x0000000086800000| Untracked 
|  81|0x0000000086900000, 0x0000000086900000, 0x0000000086a00000|  0%| F|  |TAMS 0x0000000086900000, 0x0000000086900000| Untracked 
|  82|0x0000000086a00000, 0x0000000086a00000, 0x0000000086b00000|  0%| F|  |TAMS 0x0000000086a00000, 0x0000000086a00000| Untracked 
|  83|0x0000000086b00000, 0x0000000086b00000, 0x0000000086c00000|  0%| F|  |TAMS 0x0000000086b00000, 0x0000000086b00000| Untracked 
|  84|0x0000000086c00000, 0x0000000086c00000, 0x0000000086d00000|  0%| F|  |TAMS 0x0000000086c00000, 0x0000000086c00000| Untracked 
|  85|0x0000000086d00000, 0x0000000086d00000, 0x0000000086e00000|  0%| F|  |TAMS 0x0000000086d00000, 0x0000000086d00000| Untracked 
|  86|0x0000000086e00000, 0x0000000086e00000, 0x0000000086f00000|  0%| F|  |TAMS 0x0000000086e00000, 0x0000000086e00000| Untracked 
|  87|0x0000000086f00000, 0x0000000086f00000, 0x0000000087000000|  0%| F|  |TAMS 0x0000000086f00000, 0x0000000086f00000| Untracked 
|  88|0x0000000087000000, 0x0000000087000000, 0x0000000087100000|  0%| F|  |TAMS 0x0000000087000000, 0x0000000087000000| Untracked 
|  89|0x0000000087100000, 0x0000000087100000, 0x0000000087200000|  0%| F|  |TAMS 0x0000000087100000, 0x0000000087100000| Untracked 
|  90|0x0000000087200000, 0x0000000087200000, 0x0000000087300000|  0%| F|  |TAMS 0x0000000087200000, 0x0000000087200000| Untracked 
|  91|0x0000000087300000, 0x0000000087300000, 0x0000000087400000|  0%| F|  |TAMS 0x0000000087300000, 0x0000000087300000| Untracked 
|  92|0x0000000087400000, 0x0000000087400000, 0x0000000087500000|  0%| F|  |TAMS 0x0000000087400000, 0x0000000087400000| Untracked 
|  93|0x0000000087500000, 0x0000000087500000, 0x0000000087600000|  0%| F|  |TAMS 0x0000000087500000, 0x0000000087500000| Untracked 
|  94|0x0000000087600000, 0x0000000087600000, 0x0000000087700000|  0%| F|  |TAMS 0x0000000087600000, 0x0000000087600000| Untracked 
|  95|0x0000000087700000, 0x0000000087700000, 0x0000000087800000|  0%| F|  |TAMS 0x0000000087700000, 0x0000000087700000| Untracked 
|  96|0x0000000087800000, 0x0000000087800000, 0x0000000087900000|  0%| F|  |TAMS 0x0000000087800000, 0x0000000087800000| Untracked 
|  97|0x0000000087900000, 0x0000000087900000, 0x0000000087a00000|  0%| F|  |TAMS 0x0000000087900000, 0x0000000087900000| Untracked 
|  98|0x0000000087a00000, 0x0000000087a00000, 0x0000000087b00000|  0%| F|  |TAMS 0x0000000087a00000, 0x0000000087a00000| Untracked 
|  99|0x0000000087b00000, 0x0000000087b00000, 0x0000000087c00000|  0%| F|  |TAMS 0x0000000087b00000, 0x0000000087b00000| Untracked 
| 100|0x0000000087c00000, 0x0000000087c00000, 0x0000000087d00000|  0%| F|  |TAMS 0x0000000087c00000, 0x0000000087c00000| Untracked 
| 101|0x0000000087d00000, 0x0000000087d00000, 0x0000000087e00000|  0%| F|  |TAMS 0x0000000087d00000, 0x0000000087d00000| Untracked 
| 102|0x0000000087e00000, 0x0000000087e00000, 0x0000000087f00000|  0%| F|  |TAMS 0x0000000087e00000, 0x0000000087e00000| Untracked 
| 103|0x0000000087f00000, 0x0000000087f00000, 0x0000000088000000|  0%| F|  |TAMS 0x0000000087f00000, 0x0000000087f00000| Untracked 
| 104|0x0000000088000000, 0x0000000088000000, 0x0000000088100000|  0%| F|  |TAMS 0x0000000088000000, 0x0000000088000000| Untracked 
| 105|0x0000000088100000, 0x0000000088100000, 0x0000000088200000|  0%| F|  |TAMS 0x0000000088100000, 0x0000000088100000| Untracked 
| 106|0x0000000088200000, 0x0000000088200000, 0x0000000088300000|  0%| F|  |TAMS 0x0000000088200000, 0x0000000088200000| Untracked 
| 107|0x0000000088300000, 0x0000000088300000, 0x0000000088400000|  0%| F|  |TAMS 0x0000000088300000, 0x0000000088300000| Untracked 
| 108|0x0000000088400000, 0x0000000088400000, 0x0000000088500000|  0%| F|  |TAMS 0x0000000088400000, 0x0000000088400000| Untracked 
| 109|0x0000000088500000, 0x0000000088500000, 0x0000000088600000|  0%| F|  |TAMS 0x0000000088500000, 0x0000000088500000| Untracked 
| 110|0x0000000088600000, 0x0000000088600000, 0x0000000088700000|  0%| F|  |TAMS 0x0000000088600000, 0x0000000088600000| Untracked 
| 111|0x0000000088700000, 0x0000000088700000, 0x0000000088800000|  0%| F|  |TAMS 0x0000000088700000, 0x0000000088700000| Untracked 
| 112|0x0000000088800000, 0x0000000088800000, 0x0000000088900000|  0%| F|  |TAMS 0x0000000088800000, 0x0000000088800000| Untracked 
| 113|0x0000000088900000, 0x0000000088900000, 0x0000000088a00000|  0%| F|  |TAMS 0x0000000088900000, 0x0000000088900000| Untracked 
| 114|0x0000000088a00000, 0x0000000088a00000, 0x0000000088b00000|  0%| F|  |TAMS 0x0000000088a00000, 0x0000000088a00000| Untracked 
| 115|0x0000000088b00000, 0x0000000088b00000, 0x0000000088c00000|  0%| F|  |TAMS 0x0000000088b00000, 0x0000000088b00000| Untracked 
| 116|0x0000000088c00000, 0x0000000088c00000, 0x0000000088d00000|  0%| F|  |TAMS 0x0000000088c00000, 0x0000000088c00000| Untracked 
| 117|0x0000000088d00000, 0x0000000088d00000, 0x0000000088e00000|  0%| F|  |TAMS 0x0000000088d00000, 0x0000000088d00000| Untracked 
| 118|0x0000000088e00000, 0x0000000088e00000, 0x0000000088f00000|  0%| F|  |TAMS 0x0000000088e00000, 0x0000000088e00000| Untracked 
| 119|0x0000000088f00000, 0x0000000088f00000, 0x0000000089000000|  0%| F|  |TAMS 0x0000000088f00000, 0x0000000088f00000| Untracked 
| 120|0x0000000089000000, 0x0000000089000000, 0x0000000089100000|  0%| F|  |TAMS 0x0000000089000000, 0x0000000089000000| Untracked 
| 121|0x0000000089100000, 0x0000000089100000, 0x0000000089200000|  0%| F|  |TAMS 0x0000000089100000, 0x0000000089100000| Untracked 
| 122|0x0000000089200000, 0x0000000089200000, 0x0000000089300000|  0%| F|  |TAMS 0x0000000089200000, 0x0000000089200000| Untracked 
| 123|0x0000000089300000, 0x0000000089300000, 0x0000000089400000|  0%| F|  |TAMS 0x0000000089300000, 0x0000000089300000| Untracked 
| 124|0x0000000089400000, 0x0000000089400000, 0x0000000089500000|  0%| F|  |TAMS 0x0000000089400000, 0x0000000089400000| Untracked 
| 125|0x0000000089500000, 0x00000000895b8660, 0x0000000089600000| 72%| S|CS|TAMS 0x0000000089500000, 0x0000000089500000| Complete 
| 126|0x0000000089600000, 0x0000000089600000, 0x0000000089700000|  0%| F|  |TAMS 0x0000000089600000, 0x0000000089600000| Untracked 
| 127|0x0000000089700000, 0x0000000089700000, 0x0000000089800000|  0%| F|  |TAMS 0x0000000089700000, 0x0000000089700000| Untracked 

Card table byte_map: [0x0000024aafa80000,0x0000024aafe80000] _byte_map_base: 0x0000024aaf674000

Marking Bits (Prev, Next): (CMBitMap*) 0x0000024a9c5ed968, (CMBitMap*) 0x0000024a9c5ed9a0
 Prev Bits: [0x0000024ab0280000, 0x0000024ab2220000)
 Next Bits: [0x0000024ab2220000, 0x0000024ab41c0000)

Polling page: 0x0000024a9a5a0000

Metaspace:

Usage:
  Non-class:      3.45 MB capacity,     3.44 MB (>99%) used,   104 bytes ( <1%) free+waste,     3.56 KB ( <1%) overhead. 
      Class:    384.00 KB capacity,   336.37 KB ( 88%) used,    47.57 KB ( 12%) free+waste,    64 bytes ( <1%) overhead. 
       Both:      3.82 MB capacity,     3.77 MB ( 99%) used,    47.67 KB (  1%) free+waste,     3.63 KB ( <1%) overhead. 

Virtual space:
  Non-class space:       32.00 MB reserved,       3.50 MB ( 11%) committed 
      Class space:        1.00 GB reserved,     384.00 KB ( <1%) committed 
             Both:        1.03 GB reserved,       3.88 MB ( <1%) committed 

Chunk freelists:
   Non-Class:  56.00 KB
       Class:  0 bytes
        Both:  56.00 KB

MaxMetaspaceSize: 17179869184.00 GB
CompressedClassSpaceSize: 1.00 GB

CodeHeap 'non-profiled nmethods': size=120064Kb used=21Kb max_used=21Kb free=120042Kb
 bounds [0x0000024aa8140000, 0x0000024aa83b0000, 0x0000024aaf680000]
CodeHeap 'profiled nmethods': size=120000Kb used=133Kb max_used=133Kb free=119866Kb
 bounds [0x0000024aa0c10000, 0x0000024aa0e80000, 0x0000024aa8140000]
CodeHeap 'non-nmethods': size=5696Kb used=994Kb max_used=1006Kb free=4701Kb
 bounds [0x0000024aa0680000, 0x0000024aa08f0000, 0x0000024aa0c10000]
 total_blobs=655 nmethods=94 adapters=158
 compilation: enabled
              stopped_count=0, restarted_count=0
 full_count=0

Compilation events (20 events):
Event: 0.156 Thread 0x0000024ab73d4000   85       3       java.lang.String::hashCode (49 bytes)
Event: 0.156 Thread 0x0000024ab73d4000 nmethod 85 0x0000024aa0c2d310 code [0x0000024aa0c2d500, 0x0000024aa0c2d970]
Event: 0.158 Thread 0x0000024ab73d4000   86       3       java.lang.StringLatin1::indexOf (61 bytes)
Event: 0.158 Thread 0x0000024ab73d4000 nmethod 86 0x0000024aa0c2db10 code [0x0000024aa0c2dce0, 0x0000024aa0c2e0f8]
Event: 0.159 Thread 0x0000024ab73d4000   87       3       java.lang.StringBuilder::append (8 bytes)
Event: 0.159 Thread 0x0000024ab73d4000 nmethod 87 0x0000024aa0c2e210 code [0x0000024aa0c2e3c0, 0x0000024aa0c2e570]
Event: 0.159 Thread 0x0000024ab73d4000   88       3       java.lang.AbstractStringBuilder::append (77 bytes)
Event: 0.160 Thread 0x0000024ab73d4000 nmethod 88 0x0000024aa0c2e610 code [0x0000024aa0c2e840, 0x0000024aa0c2ef30]
Event: 0.161 Thread 0x0000024ab73d4000   89       3       java.lang.CharacterData::of (120 bytes)
Event: 0.161 Thread 0x0000024ab73d4000 nmethod 89 0x0000024aa0c2f190 code [0x0000024aa0c2f3a0, 0x0000024aa0c2fb98]
Event: 0.165 Thread 0x0000024ab73d4000   90       3       java.util.HashSet::add (20 bytes)
Event: 0.165 Thread 0x0000024ab73d4000 nmethod 90 0x0000024aa0c2fd90 code [0x0000024aa0c2ff80, 0x0000024aa0c30420]
Event: 0.166 Thread 0x0000024ab73d4000   91       3       java.lang.StringUTF16::checkBoundsOffCount (10 bytes)
Event: 0.166 Thread 0x0000024ab73d4000 nmethod 91 0x0000024aa0c30590 code [0x0000024aa0c30760, 0x0000024aa0c30930]
Event: 0.166 Thread 0x0000024ab73d4000   92       3       java.lang.String::indexOf (29 bytes)
Event: 0.166 Thread 0x0000024ab66e2800   94       4       java.lang.String::isLatin1 (19 bytes)
Event: 0.167 Thread 0x0000024ab73d4000 nmethod 92 0x0000024aa0c30a10 code [0x0000024aa0c30be0, 0x0000024aa0c30ec0]
Event: 0.167 Thread 0x0000024ab73d4000   93       3       java.lang.String::indexOf (7 bytes)
Event: 0.167 Thread 0x0000024ab66e2800 nmethod 94 0x0000024aa8145490 code [0x0000024aa8145620, 0x0000024aa8145698]
Event: 0.167 Thread 0x0000024ab73d4000 nmethod 93 0x0000024aa0c30f90 code [0x0000024aa0c31180, 0x0000024aa0c314e0]

GC Heap History (2 events):
Event: 0.168 GC heap before
{Heap before GC invocations=0 (full 0):
 garbage-first heap   total 131072K, used 1024K [0x0000000081800000, 0x0000000100000000)
  region size 1024K, 2 young (2048K), 0 survivors (0K)
 Metaspace       used 3860K, capacity 3912K, committed 3968K, reserved 1079296K
  class space    used 336K, capacity 384K, committed 384K, reserved 1048576K
}
Event: 0.170 GC heap after
{Heap after GC invocations=1 (full 0):
 garbage-first heap   total 131072K, used 737K [0x0000000081800000, 0x0000000100000000)
  region size 1024K, 1 young (1024K), 1 survivors (1024K)
 Metaspace       used 3860K, capacity 3912K, committed 3968K, reserved 1079296K
  class space    used 336K, capacity 384K, committed 384K, reserved 1048576K
}

Deoptimization events (4 events):
Event: 0.155 Thread 0x0000024a9a55a800 Uncommon trap: trap_request=0xffffff4d fr.pc=0x0000024aa8144d88 relative=0x00000000000001e8
Event: 0.155 Thread 0x0000024a9a55a800 Uncommon trap: reason=unstable_if action=reinterpret pc=0x0000024aa8144d88 method=java.lang.String.hashCode()I @ 14 c2
Event: 0.155 Thread 0x0000024a9a55a800 DEOPT PACKING pc=0x0000024aa8144d88 sp=0x000000bef24fd730
Event: 0.155 Thread 0x0000024a9a55a800 DEOPT UNPACKING pc=0x0000024aa06a8f2f sp=0x000000bef24fd6c8 mode 2

Classes redefined (0 events):
No events

Internal exceptions (0 events):
No events

Events (20 events):
Event: 0.165 loading class sun/nio/fs/WindowsPathType
Event: 0.165 loading class sun/nio/fs/WindowsPathType done
Event: 0.166 loading class sun/nio/fs/WindowsPathParser$Result
Event: 0.166 loading class sun/nio/fs/WindowsPathParser$Result done
Event: 0.166 loading class java/net/URI$Parser
Event: 0.166 loading class java/net/URI$Parser done
Event: 0.166 loading class sun/nio/fs/WindowsPath
Event: 0.166 loading class java/nio/file/Path
Event: 0.166 loading class java/nio/file/Watchable
Event: 0.166 loading class java/nio/file/Watchable done
Event: 0.166 loading class java/nio/file/Path done
Event: 0.166 loading class sun/nio/fs/WindowsPath done
Event: 0.167 loading class java/nio/file/attribute/BasicFileAttributes
Event: 0.167 loading class java/nio/file/attribute/BasicFileAttributes done
Event: 0.167 loading class java/nio/file/LinkOption
Event: 0.167 loading class java/nio/file/CopyOption
Event: 0.167 loading class java/nio/file/CopyOption done
Event: 0.167 loading class java/nio/file/LinkOption done
Event: 0.167 loading class java/nio/file/Files
Event: 0.168 Executing VM operation: CollectForMetadataAllocation


Dynamic libraries:
0x00007ff61fd40000 - 0x00007ff61fd4a000 	C:\Program Files\JetBrains\IntelliJ IDEA Community Edition 2019.3.4\jbr\bin\java.exe
0x00007ffbe59a0000 - 0x00007ffbe5b90000 	C:\WINDOWS\SYSTEM32\ntdll.dll
0x00007ffbe42d0000 - 0x00007ffbe4382000 	C:\WINDOWS\System32\KERNEL32.DLL
0x00007ffbe3380000 - 0x00007ffbe3623000 	C:\WINDOWS\System32\KERNELBASE.dll
0x00007ffbe2980000 - 0x00007ffbe2a7a000 	C:\WINDOWS\System32\ucrtbase.dll
0x00007ffbdc040000 - 0x00007ffbdc057000 	C:\Program Files\JetBrains\IntelliJ IDEA Community Edition 2019.3.4\jbr\bin\VCRUNTIME140.dll
0x00007ffbdc310000 - 0x00007ffbdc329000 	C:\Program Files\JetBrains\IntelliJ IDEA Community Edition 2019.3.4\jbr\bin\jli.dll
0x00007ffbe3ba0000 - 0x00007ffbe3d34000 	C:\WINDOWS\System32\USER32.dll
0x00007ffbe2a80000 - 0x00007ffbe2aa1000 	C:\WINDOWS\System32\win32u.dll
0x00007ffbe5310000 - 0x00007ffbe5336000 	C:\WINDOWS\System32\GDI32.dll
0x00007ffbe38b0000 - 0x00007ffbe3a44000 	C:\WINDOWS\System32\gdi32full.dll
0x00007ffbe3230000 - 0x00007ffbe32ce000 	C:\WINDOWS\System32\msvcp_win.dll
0x00007ffbd1b70000 - 0x00007ffbd1df5000 	C:\WINDOWS\WinSxS\amd64_microsoft.windows.common-controls_6595b64144ccf1df_6.0.18362.720_none_e6beb5c51314836b\COMCTL32.dll
0x00007ffbe4230000 - 0x00007ffbe42ce000 	C:\WINDOWS\System32\msvcrt.dll
0x00007ffbe3d40000 - 0x00007ffbe4076000 	C:\WINDOWS\System32\combase.dll
0x00007ffbe3a50000 - 0x00007ffbe3b70000 	C:\WINDOWS\System32\RPCRT4.dll
0x00007ffbe3630000 - 0x00007ffbe36b0000 	C:\WINDOWS\System32\bcryptPrimitives.dll
0x00007ffbe3b70000 - 0x00007ffbe3b9e000 	C:\WINDOWS\System32\IMM32.DLL
0x00007ffbbba50000 - 0x00007ffbbbaed000 	C:\Program Files\JetBrains\IntelliJ IDEA Community Edition 2019.3.4\jbr\bin\msvcp140.dll
0x00007ffb8f430000 - 0x00007ffb8feed000 	C:\Program Files\JetBrains\IntelliJ IDEA Community Edition 2019.3.4\jbr\bin\server\jvm.dll
0x00007ffbe4820000 - 0x00007ffbe48c3000 	C:\WINDOWS\System32\ADVAPI32.dll
0x00007ffbe48d0000 - 0x00007ffbe4967000 	C:\WINDOWS\System32\sechost.dll
0x00007ffbe5950000 - 0x00007ffbe5958000 	C:\WINDOWS\System32\PSAPI.DLL
0x00007ffbcfd70000 - 0x00007ffbcfd79000 	C:\WINDOWS\SYSTEM32\WSOCK32.dll
0x00007ffbdf370000 - 0x00007ffbdf394000 	C:\WINDOWS\SYSTEM32\WINMM.dll
0x00007ffbdaf00000 - 0x00007ffbdaf0a000 	C:\WINDOWS\SYSTEM32\VERSION.dll
0x00007ffbe4aa0000 - 0x00007ffbe4b0f000 	C:\WINDOWS\System32\WS2_32.dll
0x00007ffbdf340000 - 0x00007ffbdf36d000 	C:\WINDOWS\SYSTEM32\winmmbase.dll
0x00007ffbe2930000 - 0x00007ffbe297a000 	C:\WINDOWS\System32\cfgmgr32.dll
0x00007ffbe2870000 - 0x00007ffbe2881000 	C:\WINDOWS\System32\kernel.appcore.dll
0x00007ffbc3390000 - 0x00007ffbc33a1000 	C:\Program Files\JetBrains\IntelliJ IDEA Community Edition 2019.3.4\jbr\bin\verify.dll
0x00007ffbcd220000 - 0x00007ffbcd414000 	C:\WINDOWS\SYSTEM32\DBGHELP.DLL
0x00007ffbceb60000 - 0x00007ffbceb8a000 	C:\WINDOWS\SYSTEM32\dbgcore.DLL
0x00007ffbbb980000 - 0x00007ffbbb9a9000 	C:\Program Files\JetBrains\IntelliJ IDEA Community Edition 2019.3.4\jbr\bin\java.dll
0x00007ffbbcf60000 - 0x00007ffbbcf78000 	C:\Program Files\JetBrains\IntelliJ IDEA Community Edition 2019.3.4\jbr\bin\zip.dll
0x00007ffbd9400000 - 0x00007ffbd940b000 	C:\Program Files\JetBrains\IntelliJ IDEA Community Edition 2019.3.4\jbr\bin\jimage.dll
0x00007ffbe4b10000 - 0x00007ffbe51f5000 	C:\WINDOWS\System32\SHELL32.dll
0x00007ffbe5260000 - 0x00007ffbe5309000 	C:\WINDOWS\System32\shcore.dll
0x00007ffbe2ab0000 - 0x00007ffbe3230000 	C:\WINDOWS\System32\windows.storage.dll
0x00007ffbe2890000 - 0x00007ffbe28b3000 	C:\WINDOWS\System32\profapi.dll
0x00007ffbe28c0000 - 0x00007ffbe290a000 	C:\WINDOWS\System32\powrprof.dll
0x00007ffbe2860000 - 0x00007ffbe2870000 	C:\WINDOWS\System32\UMPDC.dll
0x00007ffbe5870000 - 0x00007ffbe58c2000 	C:\WINDOWS\System32\shlwapi.dll
0x00007ffbe3710000 - 0x00007ffbe3727000 	C:\WINDOWS\System32\cryptsp.dll

dbghelp: loaded successfully - version: 4.0.5 - missing functions: none
symbol engine: initialized successfully - sym options: 0x614 - pdb path: .;C:\Program Files\JetBrains\IntelliJ IDEA Community Edition 2019.3.4\jbr\bin;C:\WINDOWS\SYSTEM32;C:\WINDOWS\WinSxS\amd64_microsoft.windows.common-controls_6595b64144ccf1df_6.0.18362.720_none_e6beb5c51314836b;C:\Program Files\JetBrains\IntelliJ IDEA Community Edition 2019.3.4\jbr\bin\server

VM Arguments:
java_command: org.jetbrains.git4idea.http.GitAskPassApp Username for 'https://github.com': 
java_class_path (initial): C:/Program Files/JetBrains/IntelliJ IDEA Community Edition 2019.3.4/plugins/git4idea/lib/git4idea-rt.jar;C:/Program Files/JetBrains/IntelliJ IDEA Community Edition 2019.3.4/lib/xmlrpc-2.0.1.jar;C:/Program Files/JetBrains/IntelliJ IDEA Community Edition 2019.3.4/lib/commons-codec-1.13.jar;C:/Program Files/JetBrains/IntelliJ IDEA Community Edition 2019.3.4/lib/util.jar
Launcher Type: SUN_STANDARD

[Global flags]
     intx CICompilerCount                          = 3                                         {product} {ergonomic}
     uint ConcGCThreads                            = 1                                         {product} {ergonomic}
     uint G1ConcRefinementThreads                  = 4                                         {product} {ergonomic}
   size_t G1HeapRegionSize                         = 1048576                                   {product} {ergonomic}
    uintx GCDrainStackTargetSize                   = 64                                        {product} {ergonomic}
   size_t InitialHeapSize                          = 134217728                                 {product} {ergonomic}
   size_t MarkStackSize                            = 4194304                                   {product} {ergonomic}
   size_t MaxHeapSize                              = 2122317824                                {product} {ergonomic}
   size_t MaxNewSize                               = 1272971264                                {product} {ergonomic}
   size_t MinHeapDeltaBytes                        = 1048576                                   {product} {ergonomic}
    uintx NonNMethodCodeHeapSize                   = 5830732                                {pd product} {ergonomic}
    uintx NonProfiledCodeHeapSize                  = 122913754                              {pd product} {ergonomic}
    uintx ProfiledCodeHeapSize                     = 122913754                              {pd product} {ergonomic}
    uintx ReservedCodeCacheSize                    = 251658240                              {pd product} {ergonomic}
     bool SegmentedCodeCache                       = true                                      {product} {ergonomic}
     bool UseCompressedClassPointers               = true                                 {lp64_product} {ergonomic}
     bool UseCompressedOops                        = true                                 {lp64_product} {ergonomic}
     bool UseG1GC                                  = true                                      {product} {ergonomic}
     bool UseLargePagesIndividualAllocation        = false                                  {pd product} {ergonomic}

Logging:
Log output configuration:
 #0: stdout all=warning uptime,level,tags
 #1: stderr all=off uptime,level,tags

Environment Variables:
JAVA_HOME=C:\Program Files\Java\jdk1.8.0_201
PATH=C:\Program Files\Git\mingw64\libexec\git-core;C:\Program Files\Git\mingw64\libexec\git-core;C:\Program Files\Git\mingw64\bin;C:\Program Files\Git\usr\bin;C:\Users\¾ÈÈñ¿ø\bin;C:\oraclexe\app\oracle\product\11.2.0\server\bin;C:\Program Files (x86)\Common Files\Oracle\Java\javapath;C:\WINDOWS\system32;C:\WINDOWS;C:\WINDOWS\System32\Wbem;C:\WINDOWS\System32\WindowsPowerShell\v1.0;C:\Program Files (x86)\ATI Technologies\ATI.ACE\Core-Static;C:\WINDOWS\System32\OpenSSH;C:\Program Files\Java\jdk1.8.0_201\bin;C:\Program Files\nodejs;C:\Program Files (x86)\Yarn\bin;C:\Program Files\PuTTY;C:\Program Files\Git\cmd;C:\Program Files\Docker\Docker\resources\bin;C:\ProgramData\DockerDesktop\version-bin;C:\Users\¾ÈÈñ¿ø\AppData\Local\Microsoft\WindowsApps;C:\Users\¾ÈÈñ¿ø\AppData\Roaming\npm;C:\Users\¾ÈÈñ¿ø\AppData\Local\Programs\Microsoft VS Code\bin;C:\Users\¾ÈÈñ¿ø\AppData\Local\Yarn\bin;C:\Users\¾ÈÈñ¿ø\AppData\Local\Microsoft\WindowsApps;C:\Program Files\JetBrains\IntelliJ IDEA Community Edition 2019.3.4\bin;C:\Program Files (x86)\ESTsoft\ALSee\x64
USERNAME=¾ÈÈñ¿ø
DISPLAY=:0.0
OS=Windows_NT
PROCESSOR_IDENTIFIER=Intel64 Family 6 Model 94 Stepping 3, GenuineIntel



---------------  S Y S T E M  ---------------

OS: Windows 10 , 64 bit Build 18362 (10.0.18362.329)
HyperV virtualization detected

CPU:total 4 (initial active 4) (4 cores per cpu, 1 threads per core) family 6 model 94 stepping 3, cmov, cx8, fxsr, mmx, sse, sse2, sse3, ssse3, sse4.1, sse4.2, popcnt, avx, avx2, aes, clmul, erms, rtm, 3dnowpref, lzcnt, tsc, tscinvbit, bmi1, bmi2, adx, fma

Memory: 4k page, system-wide physical 8091M (638M free)
TotalPageFile size 24475M (AvailPageFile size 0M)
current process WorkingSet (physical memory assigned to process): 34M, peak: 34M
current process commit charge ("private bytes"): 194M, peak: 195M

vm_info: OpenJDK 64-Bit Server VM (11.0.6+8-b520.43) for windows-amd64 JRE (11.0.6+8-b520.43), built on Feb  3 2020 14:18:56 by "" with MS VC++ 14.0 (VS2015)

END.
